0 silly input [ 'build' ]
1 silly flags { _: [ 'run' ],
1 silly flags   'reject-cycles': false,
1 silly flags   rejectCycles: false,
1 silly flags   script: 'build',
1 silly flags   args: [] }
2 verbose rootPath /Users/wilsonhobbs/GitHub/orbital/orbital
3 info version 2.8.0
4 silly existsSync /Users/wilsonhobbs/GitHub/orbital/orbital/VERSION
5 silly initialize attempt
6 silly initialize success
7 silly execute attempt
8 silly runScriptInDir build [] core
9 silly getExecOpts { cwd: '/Users/wilsonhobbs/GitHub/orbital/orbital/packages/core' }
10 error build Errored while running script in '@orbital/core'
11 error execute callback with error
12 error Error: Command failed: npm run build
12 error npm ERR! code ELIFECYCLE
12 error npm ERR! errno 2
12 error npm ERR! @orbital/core@ build: `tsc -p tsconfig-build.json`
12 error npm ERR! Exit status 2
12 error npm ERR!
12 error npm ERR! Failed at the @orbital/core@ build script.
12 error npm ERR! This is probably not a problem with npm. There is likely additional logging output above.
12 error
12 error npm ERR! A complete log of this run can be found in:
12 error npm ERR!     /Users/wilsonhobbs/.npm/_logs/2018-06-26T02_40_11_435Z-debug.log
12 error
12 error > @orbital/core@ build /Users/wilsonhobbs/GitHub/orbital/orbital/packages/core
12 error > tsc -p tsconfig-build.json
12 error
12 error src/command/command-instance.ts(3,28): error TS2307: Cannot find module '../src/executable'.
12 error
12 error     at Promise.all.then.arr (/Users/wilsonhobbs/.nvm/versions/node/v9.5.0/lib/node_modules/lerna/node_modules/execa/index.js:236:11)
12 error     at <anonymous>
